<?xml version="1.0" encoding="UTF-8"?>
<!-- Generated by org.testng.reporters.JUnitReportReporter -->
<testsuite hostname="DESKTOP-63FL533" failures="0" tests="3" name="HeatclinicPagesTest.LoginPageTest" time="22.713" errors="0" timestamp="2022-12-21T21:12:45 EST" skipped="0">
  <testcase classname="HeatclinicPagesTest.LoginPageTest" name="ClickOnLogInTest" time="4.946"/>
  <system-out/>
  <testcase classname="HeatclinicPagesTest.LoginPageTest" name="ClickOnLoginTest" time="7.030"/>
  <system-out/>
  <testcase classname="HeatclinicPagesTest.LoginPageTest" name="EnterLoginInforTest" time="10.737"/>
  <system-out/>
</testsuite> <!-- HeatclinicPagesTest.LoginPageTest -->
