<?xml version="1.0" encoding="UTF-8"?>
<!-- Generated by org.testng.reporters.JUnitReportReporter -->
<testsuite hostname="DESKTOP-63FL533" failures="0" tests="5" name="HeatclinicPagesTest.HomePageTest" time="36.751" errors="0" timestamp="2022-12-21T21:12:45 EST" skipped="0">
  <testcase classname="HeatclinicPagesTest.HomePageTest" name="Test1" time="4.686"/>
  <system-out/>
  <testcase classname="HeatclinicPagesTest.HomePageTest" name="Test2" time="5.680"/>
  <system-out/>
  <testcase classname="HeatclinicPagesTest.HomePageTest" name="Test3" time="5.113"/>
  <system-out/>
  <testcase classname="HeatclinicPagesTest.HomePageTest" name="Test4" time="6.167"/>
  <system-out/>
  <testcase classname="HeatclinicPagesTest.HomePageTest" name="Test5" time="15.105"/>
  <system-out/>
</testsuite> <!-- HeatclinicPagesTest.HomePageTest -->
