<?xml version="1.0" encoding="UTF-8"?>
<!-- Generated by org.testng.reporters.JUnitReportReporter -->
<testsuite hostname="DESKTOP-63FL533" failures="0" tests="2" name="HeatclinicPagesTest.RegisterPageTest" time="23.555" errors="0" timestamp="2022-12-21T21:12:45 EST" skipped="0">
  <testcase classname="HeatclinicPagesTest.RegisterPageTest" name="ClicOnRegisterTest" time="6.768"/>
  <system-out/>
  <testcase classname="HeatclinicPagesTest.RegisterPageTest" name="EnterLoginInforTest" time="16.787"/>
  <system-out/>
</testsuite> <!-- HeatclinicPagesTest.RegisterPageTest -->
