<?xml version="1.0" encoding="UTF-8"?>
<!-- Generated by org.testng.reporters.JUnitReportReporter -->
<testsuite hostname="DESKTOP-63FL533" failures="0" tests="5" name="HeatclinicPagesTest.HomePageTest" time="41.273" errors="0" timestamp="2022-11-26T00:59:25 EST" skipped="0">
  <testcase classname="HeatclinicPagesTest.HomePageTest" name="Test1" time="6.489"/>
  <system-out/>
  <testcase classname="HeatclinicPagesTest.HomePageTest" name="Test2" time="7.254"/>
  <system-out/>
  <testcase classname="HeatclinicPagesTest.HomePageTest" name="Test3" time="7.392"/>
  <system-out/>
  <testcase classname="HeatclinicPagesTest.HomePageTest" name="Test4" time="11.073"/>
  <system-out/>
  <testcase classname="HeatclinicPagesTest.HomePageTest" name="Test5" time="9.065"/>
  <system-out/>
</testsuite> <!-- HeatclinicPagesTest.HomePageTest -->
